{"/home/mika/Hexlet/Project2_genDiff/frontend-project-46/src/index.js": {"path":"/home/mika/Hexlet/Project2_genDiff/frontend-project-46/src/index.js","all":false,"statementMap":{"0":{"start":{"line":1,"column":0},"end":{"line":1,"column":30}},"1":{"start":{"line":2,"column":0},"end":{"line":2,"column":24}},"2":{"start":{"line":3,"column":0},"end":{"line":3,"column":20}},"3":{"start":{"line":4,"column":0},"end":{"line":4,"column":23}},"4":{"start":{"line":5,"column":0},"end":{"line":5,"column":0}},"5":{"start":{"line":6,"column":0},"end":{"line":6,"column":32}},"6":{"start":{"line":7,"column":0},"end":{"line":7,"column":57}},"7":{"start":{"line":8,"column":0},"end":{"line":8,"column":50}},"8":{"start":{"line":9,"column":0},"end":{"line":9,"column":38}},"9":{"start":{"line":10,"column":0},"end":{"line":10,"column":20}},"10":{"start":{"line":11,"column":0},"end":{"line":11,"column":2}},"11":{"start":{"line":12,"column":0},"end":{"line":12,"column":0}},"12":{"start":{"line":13,"column":0},"end":{"line":13,"column":35}},"13":{"start":{"line":14,"column":0},"end":{"line":14,"column":32}},"14":{"start":{"line":15,"column":0},"end":{"line":15,"column":32}},"15":{"start":{"line":16,"column":0},"end":{"line":16,"column":0}},"16":{"start":{"line":17,"column":0},"end":{"line":17,"column":35}},"17":{"start":{"line":18,"column":0},"end":{"line":18,"column":35}},"18":{"start":{"line":19,"column":0},"end":{"line":19,"column":60}},"19":{"start":{"line":20,"column":0},"end":{"line":20,"column":0}},"20":{"start":{"line":21,"column":0},"end":{"line":21,"column":24}},"21":{"start":{"line":22,"column":0},"end":{"line":22,"column":19}},"22":{"start":{"line":23,"column":0},"end":{"line":23,"column":15}},"23":{"start":{"line":24,"column":0},"end":{"line":24,"column":17}},"24":{"start":{"line":25,"column":0},"end":{"line":25,"column":17}},"25":{"start":{"line":26,"column":0},"end":{"line":26,"column":4}},"26":{"start":{"line":27,"column":0},"end":{"line":27,"column":24}},"27":{"start":{"line":28,"column":0},"end":{"line":28,"column":0}},"28":{"start":{"line":29,"column":0},"end":{"line":29,"column":45}},"29":{"start":{"line":30,"column":0},"end":{"line":30,"column":68}},"30":{"start":{"line":31,"column":0},"end":{"line":31,"column":34}},"31":{"start":{"line":32,"column":0},"end":{"line":32,"column":5}},"32":{"start":{"line":33,"column":0},"end":{"line":33,"column":42}},"33":{"start":{"line":34,"column":0},"end":{"line":34,"column":53}},"34":{"start":{"line":35,"column":0},"end":{"line":35,"column":46}},"35":{"start":{"line":36,"column":0},"end":{"line":36,"column":41}},"36":{"start":{"line":37,"column":0},"end":{"line":37,"column":94}},"37":{"start":{"line":38,"column":0},"end":{"line":38,"column":10}},"38":{"start":{"line":39,"column":0},"end":{"line":39,"column":39}},"39":{"start":{"line":40,"column":0},"end":{"line":40,"column":87}},"40":{"start":{"line":41,"column":0},"end":{"line":41,"column":7}},"41":{"start":{"line":42,"column":0},"end":{"line":42,"column":39}},"42":{"start":{"line":43,"column":0},"end":{"line":43,"column":89}},"43":{"start":{"line":44,"column":0},"end":{"line":44,"column":7}},"44":{"start":{"line":45,"column":0},"end":{"line":45,"column":38}},"45":{"start":{"line":46,"column":0},"end":{"line":46,"column":160}},"46":{"start":{"line":47,"column":0},"end":{"line":47,"column":7}},"47":{"start":{"line":48,"column":0},"end":{"line":48,"column":89}},"48":{"start":{"line":49,"column":0},"end":{"line":49,"column":7}},"49":{"start":{"line":50,"column":0},"end":{"line":50,"column":60}},"50":{"start":{"line":51,"column":0},"end":{"line":51,"column":4}},"51":{"start":{"line":52,"column":0},"end":{"line":52,"column":33}},"52":{"start":{"line":53,"column":0},"end":{"line":53,"column":2}},"53":{"start":{"line":54,"column":0},"end":{"line":54,"column":0}},"54":{"start":{"line":55,"column":0},"end":{"line":55,"column":23}}},"s":{"0":1,"1":1,"2":1,"3":1,"4":1,"5":1,"6":2,"7":2,"8":2,"9":2,"10":2,"11":1,"12":1,"13":1,"14":1,"15":1,"16":1,"17":1,"18":1,"19":1,"20":1,"21":1,"22":1,"23":1,"24":1,"25":1,"26":1,"27":1,"28":1,"29":7,"30":6,"31":6,"32":1,"33":1,"34":1,"35":5,"36":5,"37":5,"38":5,"39":1,"40":1,"41":5,"42":2,"43":2,"44":5,"45":1,"46":1,"47":1,"48":1,"49":1,"50":1,"51":1,"52":1,"53":1,"54":1},"branchMap":{"0":{"type":"branch","line":6,"loc":{"start":{"line":6,"column":18},"end":{"line":11,"column":2}},"locations":[{"start":{"line":6,"column":18},"end":{"line":11,"column":2}}]},"1":{"type":"branch","line":13,"loc":{"start":{"line":13,"column":16},"end":{"line":53,"column":2}},"locations":[{"start":{"line":13,"column":16},"end":{"line":53,"column":2}}]},"2":{"type":"branch","line":29,"loc":{"start":{"line":29,"column":15},"end":{"line":51,"column":4}},"locations":[{"start":{"line":29,"column":15},"end":{"line":51,"column":4}}]},"3":{"type":"branch","line":30,"loc":{"start":{"line":30,"column":8},"end":{"line":30,"column":67}},"locations":[{"start":{"line":30,"column":8},"end":{"line":30,"column":67}}]},"4":{"type":"branch","line":30,"loc":{"start":{"line":30,"column":67},"end":{"line":32,"column":5}},"locations":[{"start":{"line":30,"column":67},"end":{"line":32,"column":5}}]},"5":{"type":"branch","line":33,"loc":{"start":{"line":33,"column":-1},"end":{"line":51,"column":4}},"locations":[{"start":{"line":33,"column":-1},"end":{"line":51,"column":4}}]},"6":{"type":"branch","line":35,"loc":{"start":{"line":35,"column":37},"end":{"line":49,"column":7}},"locations":[{"start":{"line":35,"column":37},"end":{"line":49,"column":7}}]},"7":{"type":"branch","line":39,"loc":{"start":{"line":39,"column":38},"end":{"line":41,"column":7}},"locations":[{"start":{"line":39,"column":38},"end":{"line":41,"column":7}}]},"8":{"type":"branch","line":42,"loc":{"start":{"line":42,"column":-1},"end":{"line":42,"column":10}},"locations":[{"start":{"line":42,"column":-1},"end":{"line":42,"column":10}}]},"9":{"type":"branch","line":42,"loc":{"start":{"line":42,"column":38},"end":{"line":45,"column":10}},"locations":[{"start":{"line":42,"column":38},"end":{"line":45,"column":10}}]},"10":{"type":"branch","line":45,"loc":{"start":{"line":45,"column":37},"end":{"line":49,"column":7}},"locations":[{"start":{"line":45,"column":37},"end":{"line":49,"column":7}}]}},"b":{"0":[2],"1":[1],"2":[7],"3":[1],"4":[6],"5":[1],"6":[5],"7":[1],"8":[4],"9":[2],"10":[1]},"fnMap":{"0":{"name":"readFile","decl":{"start":{"line":6,"column":18},"end":{"line":11,"column":2}},"loc":{"start":{"line":6,"column":18},"end":{"line":11,"column":2}},"line":6},"1":{"name":"genDiff","decl":{"start":{"line":13,"column":16},"end":{"line":53,"column":2}},"loc":{"start":{"line":13,"column":16},"end":{"line":53,"column":2}},"line":13},"2":{"name":"iter","decl":{"start":{"line":29,"column":15},"end":{"line":51,"column":4}},"loc":{"start":{"line":29,"column":15},"end":{"line":51,"column":4}},"line":29}},"f":{"0":2,"1":1,"2":7}}
}
