TN:
SF:src/index.js
FN:6,readFile
FN:13,genDiff
FN:29,iter
FNF:3
FNH:3
FNDA:2,readFile
FNDA:1,genDiff
FNDA:7,iter
DA:1,1
DA:2,1
DA:3,1
DA:4,1
DA:5,1
DA:6,1
DA:7,2
DA:8,2
DA:9,2
DA:10,2
DA:11,2
DA:12,1
DA:13,1
DA:14,1
DA:15,1
DA:16,1
DA:17,1
DA:18,1
DA:19,1
DA:20,1
DA:21,1
DA:22,1
DA:23,1
DA:24,1
DA:25,1
DA:26,1
DA:27,1
DA:28,1
DA:29,1
DA:30,7
DA:31,6
DA:32,6
DA:33,1
DA:34,1
DA:35,1
DA:36,5
DA:37,5
DA:38,5
DA:39,5
DA:40,1
DA:41,1
DA:42,5
DA:43,2
DA:44,2
DA:45,5
DA:46,1
DA:47,1
DA:48,1
DA:49,1
DA:50,1
DA:51,1
DA:52,1
DA:53,1
DA:54,1
DA:55,1
LF:55
LH:55
BRDA:6,0,0,2
BRDA:13,1,0,1
BRDA:29,2,0,7
BRDA:30,3,0,1
BRDA:30,4,0,6
BRDA:33,5,0,1
BRDA:35,6,0,5
BRDA:39,7,0,1
BRDA:42,8,0,4
BRDA:42,9,0,2
BRDA:45,10,0,1
BRF:11
BRH:11
end_of_record
